# JRE version: Java(TM) SE Runtime Environment (15.0+36) (build 15+36-1562)
# Java VM: Java HotSpot(TM) 64-Bit Server VM (15+36-1562, mixed mode, sharing, tiered, compressed oops, g1 gc, windows-amd64)
GC Precious Log:
 CPUs: 12 total, 12 available
 Memory: 16174M
 Large Page Support: Disabled
 NUMA Support: Disabled
 Compressed Oops: Enabled (Zero based)
 Heap Region Size: 2M
 Heap Min Capacity: 8M
 Heap Initial Capacity: 254M
 Heap Max Capacity: 4044M
 Pre-touch: Disabled
 Parallel Workers: 10
 Concurrent Workers: 3
 Concurrent Refinement Workers: 10
 Periodic GC: Disabled
Heap:
 garbage-first heap   total 294912K, used 188132K [0x0000000703400000, 0x0000000800000000)
  region size 2048K, 30 young (61440K), 5 survivors (10240K)
 Metaspace       used 48334K, capacity 49273K, committed 49328K, reserved 1093632K
  class space    used 5319K, capacity 5589K, committed 5632K, reserved 1048576K
GC Heap History (20 events):
Event: 11.898 GC heap before
{Heap before GC invocations=20 (full 0):
 garbage-first heap   total 196608K, used 153191K [0x0000000703400000, 0x0000000800000000)
  region size 2048K, 34 young (69632K), 4 survivors (8192K)
 Metaspace       used 30891K, capacity 31727K, committed 35376K, reserved 1081344K
  class space    used 3245K, capacity 3486K, committed 3968K, reserved 1048576K
}
Event: 11.907 GC heap after
{Heap after GC invocations=21 (full 0):
 garbage-first heap   total 196608K, used 109299K [0x0000000703400000, 0x0000000800000000)
  region size 2048K, 5 young (10240K), 5 survivors (10240K)
 Metaspace       used 30891K, capacity 31727K, committed 35376K, reserved 1081344K
  class space    used 3245K, capacity 3486K, committed 3968K, reserved 1048576K
}
Event: 11.932 GC heap before
{Heap before GC invocations=21 (full 0):
 garbage-first heap   total 196608K, used 109299K [0x0000000703400000, 0x0000000800000000)
  region size 2048K, 6 young (12288K), 5 survivors (10240K)
 Metaspace       used 31103K, capacity 31919K, committed 35376K, reserved 1081344K
  class space    used 3256K, capacity 3486K, committed 3968K, reserved 1048576K
}
Event: 11.944 GC heap after
{Heap after GC invocations=22 (full 0):
 garbage-first heap   total 196608K, used 100588K [0x0000000703400000, 0x0000000800000000)
  region size 2048K, 1 young (2048K), 1 survivors (2048K)
 Metaspace       used 31103K, capacity 31919K, committed 35376K, reserved 1081344K
  class space    used 3256K, capacity 3486K, committed 3968K, reserved 1048576K
}
Event: 12.301 GC heap before
{Heap before GC invocations=22 (full 0):
 garbage-first heap   total 196608K, used 145644K [0x0000000703400000, 0x0000000800000000)
  region size 2048K, 24 young (49152K), 1 survivors (2048K)
 Metaspace       used 32349K, capacity 33190K, committed 35376K, reserved 1081344K
  class space    used 3417K, capacity 3651K, committed 3968K, reserved 1048576K
}
Event: 12.304 GC heap after
{Heap after GC invocations=23 (full 0):
 garbage-first heap   total 196608K, used 100681K [0x0000000703400000, 0x0000000800000000)
  region size 2048K, 1 young (2048K), 1 survivors (2048K)
 Metaspace       used 32349K, capacity 33190K, committed 35376K, reserved 1081344K
  class space    used 3417K, capacity 3651K, committed 3968K, reserved 1048576K
}
Event: 13.030 GC heap before
{Heap before GC invocations=24 (full 0):
 garbage-first heap   total 202752K, used 149833K [0x0000000703400000, 0x0000000800000000)
  region size 2048K, 26 young (53248K), 1 survivors (2048K)
 Metaspace       used 37671K, capacity 38545K, committed 38832K, reserved 1083392K
  class space    used 4086K, capacity 4301K, committed 4352K, reserved 1048576K
}
Event: 13.035 GC heap after
{Heap after GC invocations=25 (full 0):
 garbage-first heap   total 202752K, used 105906K [0x0000000703400000, 0x0000000800000000)
  region size 2048K, 3 young (6144K), 3 survivors (6144K)
 Metaspace       used 37671K, capacity 38545K, committed 38832K, reserved 1083392K
  class space    used 4086K, capacity 4301K, committed 4352K, reserved 1048576K
}
Event: 13.666 GC heap before
{Heap before GC invocations=25 (full 0):
 garbage-first heap   total 202752K, used 161202K [0x0000000703400000, 0x0000000800000000)
  region size 2048K, 30 young (61440K), 3 survivors (6144K)
 Metaspace       used 40315K, capacity 41265K, committed 41520K, reserved 1085440K
  class space    used 4316K, capacity 4612K, committed 4736K, reserved 1048576K
}
Event: 13.672 GC heap after
{Heap after GC invocations=26 (full 0):
 garbage-first heap   total 243712K, used 121164K [0x0000000703400000, 0x0000000800000000)
  region size 2048K, 4 young (8192K), 4 survivors (8192K)
 Metaspace       used 40315K, capacity 41265K, committed 41520K, reserved 1085440K
  class space    used 4316K, capacity 4612K, committed 4736K, reserved 1048576K
}
Event: 14.551 GC heap before
{Heap before GC invocations=27 (full 0):
 garbage-first heap   total 243712K, used 186700K [0x0000000703400000, 0x0000000800000000)
  region size 2048K, 36 young (73728K), 4 survivors (8192K)
 Metaspace       used 45707K, capacity 46703K, committed 46768K, reserved 1091584K
  class space    used 5076K, capacity 5358K, committed 5376K, reserved 1048576K
}
Event: 14.557 GC heap after
{Heap after GC invocations=28 (full 0):
 garbage-first heap   total 243712K, used 128726K [0x0000000703400000, 0x0000000800000000)
  region size 2048K, 4 young (8192K), 4 survivors (8192K)
 Metaspace       used 45707K, capacity 46703K, committed 46768K, reserved 1091584K
  class space    used 5076K, capacity 5358K, committed 5376K, reserved 1048576K
}
Event: 15.053 GC heap before
{Heap before GC invocations=28 (full 0):
 garbage-first heap   total 243712K, used 190166K [0x0000000703400000, 0x0000000800000000)
  region size 2048K, 34 young (69632K), 4 survivors (8192K)
 Metaspace       used 48139K, capacity 49127K, committed 49328K, reserved 1093632K
  class space    used 5315K, capacity 5587K, committed 5632K, reserved 1048576K
}
Event: 15.061 GC heap after
{Heap after GC invocations=29 (full 0):
 garbage-first heap   total 243712K, used 136411K [0x0000000703400000, 0x0000000800000000)
  region size 2048K, 5 young (10240K), 5 survivors (10240K)
 Metaspace       used 48139K, capacity 49127K, committed 49328K, reserved 1093632K
  class space    used 5315K, capacity 5587K, committed 5632K, reserved 1048576K
}
Event: 15.937 GC heap before
{Heap before GC invocations=30 (full 0):
 garbage-first heap   total 245760K, used 191707K [0x0000000703400000, 0x0000000800000000)
  region size 2048K, 32 young (65536K), 5 survivors (10240K)
 Metaspace       used 48145K, capacity 49127K, committed 49328K, reserved 1093632K
  class space    used 5315K, capacity 5587K, committed 5632K, reserved 1048576K
}
Event: 15.942 GC heap after
{Heap after GC invocations=31 (full 0):
 garbage-first heap   total 245760K, used 137477K [0x0000000703400000, 0x0000000800000000)
  region size 2048K, 1 young (2048K), 1 survivors (2048K)
 Metaspace       used 48145K, capacity 49127K, committed 49328K, reserved 1093632K
  class space    used 5315K, capacity 5587K, committed 5632K, reserved 1048576K
}
Event: 16.093 GC heap before
{Heap before GC invocations=31 (full 0):
 garbage-first heap   total 245760K, used 147717K [0x0000000703400000, 0x0000000800000000)
  region size 2048K, 6 young (12288K), 1 survivors (2048K)
 Metaspace       used 48162K, capacity 49127K, committed 49328K, reserved 1093632K
  class space    used 5315K, capacity 5587K, committed 5632K, reserved 1048576K
}
Event: 16.102 GC heap after
{Heap after GC invocations=32 (full 0):
 garbage-first heap   total 245760K, used 125368K [0x0000000703400000, 0x0000000800000000)
  region size 2048K, 1 young (2048K), 1 survivors (2048K)
 Metaspace       used 48162K, capacity 49127K, committed 49328K, reserved 1093632K
  class space    used 5315K, capacity 5587K, committed 5632K, reserved 1048576K
}
Event: 16.646 GC heap before
{Heap before GC invocations=32 (full 0):
 garbage-first heap   total 245760K, used 192952K [0x0000000703400000, 0x0000000800000000)
  region size 2048K, 34 young (69632K), 1 survivors (2048K)
 Metaspace       used 48309K, capacity 49273K, committed 49328K, reserved 1093632K
  class space    used 5318K, capacity 5589K, committed 5632K, reserved 1048576K
}
Event: 16.652 GC heap after
{Heap after GC invocations=33 (full 0):
 garbage-first heap   total 294912K, used 138980K [0x0000000703400000, 0x0000000800000000)
  region size 2048K, 5 young (10240K), 5 survivors (10240K)
 Metaspace       used 48309K, capacity 49273K, committed 49328K, reserved 1093632K
  class space    used 5318K, capacity 5589K, committed 5632K, reserved 1048576K
}

