# JRE version: Java(TM) SE Runtime Environment (8.0_251-b08) (build 1.8.0_251-b08)
# Java VM: Java HotSpot(TM) 64-Bit Server VM (25.251-b08 mixed mode windows-amd64 compressed oops)
Heap:
 PSYoungGen      total 249856K, used 211210K [0x000000076bc00000, 0x0000000782400000, 0x00000007c0000000)
  eden space 218112K, 84% used [0x000000076bc00000,0x0000000776fee020,0x0000000779100000)
  from space 31744K, 84% used [0x0000000779100000,0x000000077ab549f8,0x000000077b000000)
  to   space 33792K, 0% used [0x0000000780300000,0x0000000780300000,0x0000000782400000)
 ParOldGen       total 189952K, used 43284K [0x00000006c3400000, 0x00000006ced80000, 0x000000076bc00000)
  object space 189952K, 22% used [0x00000006c3400000,0x00000006c5e45240,0x00000006ced80000)
 Metaspace       used 42452K, capacity 43910K, committed 44160K, reserved 1087488K
  class space    used 4870K, capacity 5241K, committed 5248K, reserved 1048576K
GC Heap History (10 events):
Event: 10.924 GC heap before
{Heap before GC invocations=9 (full 1):
 PSYoungGen      total 146944K, used 146929K [0x000000076bc00000, 0x0000000779e80000, 0x00000007c0000000)
  eden space 126464K, 100% used [0x000000076bc00000,0x0000000773780000,0x0000000773780000)
  from space 20480K, 99% used [0x0000000773780000,0x0000000774b7c470,0x0000000774b80000)
  to   space 26624K, 0% used [0x0000000778480000,0x0000000778480000,0x0000000779e80000)
 ParOldGen       total 112128K, used 26209K [0x00000006c3400000, 0x00000006ca180000, 0x000000076bc00000)
  object space 112128K, 23% used [0x00000006c3400000,0x00000006c4d986d0,0x00000006ca180000)
 Metaspace       used 31577K, capacity 32424K, committed 32640K, reserved 1077248K
  class space    used 3653K, capacity 3860K, committed 3968K, reserved 1048576K
Event: 10.936 GC heap after
Heap after GC invocations=9 (full 1):
 PSYoungGen      total 199168K, used 20817K [0x000000076bc00000, 0x0000000779c80000, 0x00000007c0000000)
  eden space 174592K, 0% used [0x000000076bc00000,0x000000076bc00000,0x0000000776680000)
  from space 24576K, 84% used [0x0000000778480000,0x00000007798d4490,0x0000000779c80000)
  to   space 27648K, 0% used [0x0000000776680000,0x0000000776680000,0x0000000778180000)
 ParOldGen       total 112128K, used 32482K [0x00000006c3400000, 0x00000006ca180000, 0x000000076bc00000)
  object space 112128K, 28% used [0x00000006c3400000,0x00000006c53b8a88,0x00000006ca180000)
 Metaspace       used 31577K, capacity 32424K, committed 32640K, reserved 1077248K
  class space    used 3653K, capacity 3860K, committed 3968K, reserved 1048576K
}
Event: 11.785 GC heap before
{Heap before GC invocations=10 (full 1):
 PSYoungGen      total 199168K, used 195409K [0x000000076bc00000, 0x0000000779c80000, 0x00000007c0000000)
  eden space 174592K, 100% used [0x000000076bc00000,0x0000000776680000,0x0000000776680000)
  from space 24576K, 84% used [0x0000000778480000,0x00000007798d4490,0x0000000779c80000)
  to   space 27648K, 0% used [0x0000000776680000,0x0000000776680000,0x0000000778180000)
 ParOldGen       total 112128K, used 32482K [0x00000006c3400000, 0x00000006ca180000, 0x000000076bc00000)
  object space 112128K, 28% used [0x00000006c3400000,0x00000006c53b8a88,0x00000006ca180000)
 Metaspace       used 32689K, capacity 33686K, committed 33920K, reserved 1079296K
  class space    used 3727K, capacity 3941K, committed 3968K, reserved 1048576K
Event: 11.799 GC heap after
Heap after GC invocations=10 (full 1):
 PSYoungGen      total 202240K, used 24721K [0x000000076bc00000, 0x000000077cd80000, 0x00000007c0000000)
  eden space 174592K, 0% used [0x000000076bc00000,0x000000076bc00000,0x0000000776680000)
  from space 27648K, 89% used [0x0000000776680000,0x0000000777ea47c8,0x0000000778180000)
  to   space 30208K, 0% used [0x000000077b000000,0x000000077b000000,0x000000077cd80000)
 ParOldGen       total 112128K, used 32490K [0x00000006c3400000, 0x00000006ca180000, 0x000000076bc00000)
  object space 112128K, 28% used [0x00000006c3400000,0x00000006c53baa88,0x00000006ca180000)
 Metaspace       used 32689K, capacity 33686K, committed 33920K, reserved 1079296K
  class space    used 3727K, capacity 3941K, committed 3968K, reserved 1048576K
}
Event: 12.008 GC heap before
{Heap before GC invocations=11 (full 1):
 PSYoungGen      total 202240K, used 74129K [0x000000076bc00000, 0x000000077cd80000, 0x00000007c0000000)
  eden space 174592K, 28% used [0x000000076bc00000,0x000000076ec3fd70,0x0000000776680000)
  from space 27648K, 89% used [0x0000000776680000,0x0000000777ea47c8,0x0000000778180000)
  to   space 30208K, 0% used [0x000000077b000000,0x000000077b000000,0x000000077cd80000)
 ParOldGen       total 112128K, used 32490K [0x00000006c3400000, 0x00000006ca180000, 0x000000076bc00000)
  object space 112128K, 28% used [0x00000006c3400000,0x00000006c53baa88,0x00000006ca180000)
 Metaspace       used 34320K, capacity 35338K, committed 35456K, reserved 1081344K
  class space    used 3934K, capacity 4173K, committed 4224K, reserved 1048576K
Event: 12.019 GC heap after
Heap after GC invocations=11 (full 1):
 PSYoungGen      total 248320K, used 24832K [0x000000076bc00000, 0x000000077e180000, 0x00000007c0000000)
  eden space 218112K, 0% used [0x000000076bc00000,0x000000076bc00000,0x0000000779100000)
  from space 30208K, 82% used [0x000000077b000000,0x000000077c840200,0x000000077cd80000)
  to   space 31744K, 0% used [0x0000000779100000,0x0000000779100000,0x000000077b000000)
 ParOldGen       total 112128K, used 32498K [0x00000006c3400000, 0x00000006ca180000, 0x000000076bc00000)
  object space 112128K, 28% used [0x00000006c3400000,0x00000006c53bca88,0x00000006ca180000)
 Metaspace       used 34320K, capacity 35338K, committed 35456K, reserved 1081344K
  class space    used 3934K, capacity 4173K, committed 4224K, reserved 1048576K
}
Event: 12.019 GC heap before
{Heap before GC invocations=12 (full 2):
 PSYoungGen      total 248320K, used 24832K [0x000000076bc00000, 0x000000077e180000, 0x00000007c0000000)
  eden space 218112K, 0% used [0x000000076bc00000,0x000000076bc00000,0x0000000779100000)
  from space 30208K, 82% used [0x000000077b000000,0x000000077c840200,0x000000077cd80000)
  to   space 31744K, 0% used [0x0000000779100000,0x0000000779100000,0x000000077b000000)
 ParOldGen       total 112128K, used 32498K [0x00000006c3400000, 0x00000006ca180000, 0x000000076bc00000)
  object space 112128K, 28% used [0x00000006c3400000,0x00000006c53bca88,0x00000006ca180000)
 Metaspace       used 34320K, capacity 35338K, committed 35456K, reserved 1081344K
  class space    used 3934K, capacity 4173K, committed 4224K, reserved 1048576K
Event: 12.103 GC heap after
Heap after GC invocations=12 (full 2):
 PSYoungGen      total 248320K, used 0K [0x000000076bc00000, 0x000000077e180000, 0x00000007c0000000)
  eden space 218112K, 0% used [0x000000076bc00000,0x000000076bc00000,0x0000000779100000)
  from space 30208K, 0% used [0x000000077b000000,0x000000077b000000,0x000000077cd80000)
  to   space 31744K, 0% used [0x0000000779100000,0x0000000779100000,0x000000077b000000)
 ParOldGen       total 189952K, used 43276K [0x00000006c3400000, 0x00000006ced80000, 0x000000076bc00000)
  object space 189952K, 22% used [0x00000006c3400000,0x00000006c5e43240,0x00000006ced80000)
 Metaspace       used 34320K, capacity 35338K, committed 35456K, reserved 1081344K
  class space    used 3934K, capacity 4173K, committed 4224K, reserved 1048576K
}
Event: 13.382 GC heap before
{Heap before GC invocations=13 (full 2):
 PSYoungGen      total 248320K, used 218112K [0x000000076bc00000, 0x000000077e180000, 0x00000007c0000000)
  eden space 218112K, 100% used [0x000000076bc00000,0x0000000779100000,0x0000000779100000)
  from space 30208K, 0% used [0x000000077b000000,0x000000077b000000,0x000000077cd80000)
  to   space 31744K, 0% used [0x0000000779100000,0x0000000779100000,0x000000077b000000)
 ParOldGen       total 189952K, used 43276K [0x00000006c3400000, 0x00000006ced80000, 0x000000076bc00000)
  object space 189952K, 22% used [0x00000006c3400000,0x00000006c5e43240,0x00000006ced80000)
 Metaspace       used 41173K, capacity 42600K, committed 42752K, reserved 1087488K
  class space    used 4768K, capacity 5108K, committed 5120K, reserved 1048576K
Event: 13.406 GC heap after
Heap after GC invocations=13 (full 2):
 PSYoungGen      total 249856K, used 26962K [0x000000076bc00000, 0x0000000782400000, 0x00000007c0000000)
  eden space 218112K, 0% used [0x000000076bc00000,0x000000076bc00000,0x0000000779100000)
  from space 31744K, 84% used [0x0000000779100000,0x000000077ab549f8,0x000000077b000000)
  to   space 33792K, 0% used [0x0000000780300000,0x0000000780300000,0x0000000782400000)
 ParOldGen       total 189952K, used 43284K [0x00000006c3400000, 0x00000006ced80000, 0x000000076bc00000)
  object space 189952K, 22% used [0x00000006c3400000,0x00000006c5e45240,0x00000006ced80000)
 Metaspace       used 41173K, capacity 42600K, committed 42752K, reserved 1087488K
  class space    used 4768K, capacity 5108K, committed 5120K, reserved 1048576K
}

